0 info it worked if it ends with ok
1 verbose cli [ 'node', '/usr/local/bin/npm', 'install', '-g', 'node-static' ]
2 info using npm@1.4.28
3 info using node@v0.10.32
4 verbose cache add [ 'node-static', null ]
5 verbose cache add name=undefined spec="node-static" args=["node-static",null]
6 verbose parsed url { protocol: null,
6 verbose parsed url   slashes: null,
6 verbose parsed url   auth: null,
6 verbose parsed url   host: null,
6 verbose parsed url   port: null,
6 verbose parsed url   hostname: null,
6 verbose parsed url   hash: null,
6 verbose parsed url   search: null,
6 verbose parsed url   query: null,
6 verbose parsed url   pathname: 'node-static',
6 verbose parsed url   path: 'node-static',
6 verbose parsed url   href: 'node-static' }
7 silly lockFile 17070c41-node-static node-static
8 verbose lock node-static /Users/toregozhinaaizhan/.npm/17070c41-node-static.lock
9 silly lockFile 17070c41-node-static node-static
10 silly lockFile 17070c41-node-static node-static
11 verbose addNamed [ 'node-static', '' ]
12 verbose addNamed [ null, '*' ]
13 silly lockFile 5704b874-node-static node-static@
14 verbose lock node-static@ /Users/toregozhinaaizhan/.npm/5704b874-node-static.lock
15 silly addNameRange { name: 'node-static', range: '*', hasData: false }
16 verbose request where is /node-static
17 verbose request registry https://registry.npmjs.org/
18 verbose request id 88db515ef91a0145
19 verbose url raw /node-static
20 verbose url resolving [ 'https://registry.npmjs.org/', './node-static' ]
21 verbose url resolved https://registry.npmjs.org/node-static
22 verbose request where is https://registry.npmjs.org/node-static
23 info trying registry request attempt 1 at 21:41:54
24 http GET https://registry.npmjs.org/node-static
25 http 200 https://registry.npmjs.org/node-static
26 silly registry.get cb [ 200,
26 silly registry.get   { date: 'Mon, 13 Apr 2015 01:41:54 GMT',
26 silly registry.get     server: 'CouchDB/1.5.0 (Erlang OTP/R16B03)',
26 silly registry.get     etag: '"4FIYYG0R90FDEUZ7OQ3Y5R6RG"',
26 silly registry.get     'content-type': 'application/json',
26 silly registry.get     'cache-control': 'max-age=60',
26 silly registry.get     'content-length': '31588',
26 silly registry.get     'accept-ranges': 'bytes',
26 silly registry.get     via: '1.1 varnish',
26 silly registry.get     age: '0',
26 silly registry.get     'x-served-by': 'cache-jfk1020-JFK',
26 silly registry.get     'x-cache': 'HIT',
26 silly registry.get     'x-cache-hits': '1',
26 silly registry.get     'x-timer': 'S1428889314.716764,VS0,VE87',
26 silly registry.get     vary: 'Accept',
26 silly registry.get     'keep-alive': 'timeout=10, max=50',
26 silly registry.get     connection: 'Keep-Alive' } ]
27 silly addNameRange number 2 { name: 'node-static', range: '*', hasData: true }
28 silly addNameRange versions [ 'node-static',
28 silly addNameRange   [ '0.5.6',
28 silly addNameRange     '0.5.7',
28 silly addNameRange     '0.5.8',
28 silly addNameRange     '0.5.9',
28 silly addNameRange     '0.6.0',
28 silly addNameRange     '0.6.1',
28 silly addNameRange     '0.6.2',
28 silly addNameRange     '0.6.3',
28 silly addNameRange     '0.6.4',
28 silly addNameRange     '0.6.5',
28 silly addNameRange     '0.6.6',
28 silly addNameRange     '0.6.7',
28 silly addNameRange     '0.6.8',
28 silly addNameRange     '0.6.9',
28 silly addNameRange     '0.7.0',
28 silly addNameRange     '0.7.1',
28 silly addNameRange     '0.7.2',
28 silly addNameRange     '0.7.3',
28 silly addNameRange     '0.7.4',
28 silly addNameRange     '0.7.5',
28 silly addNameRange     '0.7.6' ] ]
29 verbose addNamed [ 'node-static', '0.7.6' ]
30 verbose addNamed [ '0.7.6', '0.7.6' ]
31 silly lockFile 04f479d4-node-static-0-7-6 node-static@0.7.6
32 verbose lock node-static@0.7.6 /Users/toregozhinaaizhan/.npm/04f479d4-node-static-0-7-6.lock
33 silly lockFile cf0da5be-ode-static-node-static-0-7-6-tgz https://registry.npmjs.org/node-static/-/node-static-0.7.6.tgz
34 verbose lock https://registry.npmjs.org/node-static/-/node-static-0.7.6.tgz /Users/toregozhinaaizhan/.npm/cf0da5be-ode-static-node-static-0-7-6-tgz.lock
35 verbose addRemoteTarball [ 'https://registry.npmjs.org/node-static/-/node-static-0.7.6.tgz',
35 verbose addRemoteTarball   'ac032e40de6881fb5e4dadeed6e1d07d37268380' ]
36 info retry fetch attempt 1 at 21:41:54
37 verbose fetch to= /var/folders/xc/xpxvlpf12gsd6s5q5c59ynx40000gn/T/npm-5722-e_jrq4Dc/registry.npmjs.org/node-static/-/node-static-0.7.6.tgz
38 http GET https://registry.npmjs.org/node-static/-/node-static-0.7.6.tgz
39 http 200 https://registry.npmjs.org/node-static/-/node-static-0.7.6.tgz
40 silly lockFile cf0da5be-ode-static-node-static-0-7-6-tgz https://registry.npmjs.org/node-static/-/node-static-0.7.6.tgz
41 silly lockFile cf0da5be-ode-static-node-static-0-7-6-tgz https://registry.npmjs.org/node-static/-/node-static-0.7.6.tgz
42 silly lockFile 04f479d4-node-static-0-7-6 node-static@0.7.6
43 silly lockFile 04f479d4-node-static-0-7-6 node-static@0.7.6
44 silly lockFile 5704b874-node-static node-static@
45 silly lockFile 5704b874-node-static node-static@
46 silly resolved [ { name: 'node-static',
46 silly resolved     description: 'simple, compliant file streaming module for node',
46 silly resolved     url: 'http://github.com/cloudhead/node-static',
46 silly resolved     keywords: [ 'http', 'static', 'file', 'server' ],
46 silly resolved     author: { name: 'Alexis Sellier', email: 'self@cloudhead.net' },
46 silly resolved     contributors: [ [Object], [Object] ],
46 silly resolved     repository: { type: 'git', url: 'http://github.com/cloudhead/node-static' },
46 silly resolved     main: './lib/node-static',
46 silly resolved     scripts: { test: 'vows --spec --isolate' },
46 silly resolved     bin: { static: 'bin/cli.js' },
46 silly resolved     license: 'MIT',
46 silly resolved     dependencies: { optimist: '>=0.3.4', colors: '>=0.6.0', mime: '>=1.2.9' },
46 silly resolved     devDependencies: { request: 'latest', vows: 'latest' },
46 silly resolved     version: '0.7.6',
46 silly resolved     engines: { node: '>= 0.4.1' },
46 silly resolved     bugs: { url: 'https://github.com/cloudhead/node-static/issues' },
46 silly resolved     homepage: 'https://github.com/cloudhead/node-static',
46 silly resolved     directories: { example: 'examples', test: 'test' },
46 silly resolved     _id: 'node-static@0.7.6',
46 silly resolved     dist:
46 silly resolved      { shasum: 'ac032e40de6881fb5e4dadeed6e1d07d37268380',
46 silly resolved        tarball: 'http://registry.npmjs.org/node-static/-/node-static-0.7.6.tgz' },
46 silly resolved     _from: 'node-static@',
46 silly resolved     _npmVersion: '1.3.21',
46 silly resolved     _npmUser: { name: 'phstc', email: 'pablo@pablocantero.com' },
46 silly resolved     maintainers: [ [Object], [Object], [Object] ],
46 silly resolved     _shasum: 'ac032e40de6881fb5e4dadeed6e1d07d37268380',
46 silly resolved     _resolved: 'https://registry.npmjs.org/node-static/-/node-static-0.7.6.tgz' } ]
47 info install node-static@0.7.6 into /usr/local/lib
48 info installOne node-static@0.7.6
49 verbose lib/node_modules/node-static unbuild
50 verbose tar unpack /Users/toregozhinaaizhan/.npm/node-static/0.7.6/package.tgz
51 silly lockFile a82cd5cb-cal-lib-node-modules-node-static tar:///usr/local/lib/node_modules/node-static
52 verbose lock tar:///usr/local/lib/node_modules/node-static /Users/toregozhinaaizhan/.npm/a82cd5cb-cal-lib-node-modules-node-static.lock
53 silly lockFile 6d429a31-pm-node-static-0-7-6-package-tgz tar:///Users/toregozhinaaizhan/.npm/node-static/0.7.6/package.tgz
54 verbose lock tar:///Users/toregozhinaaizhan/.npm/node-static/0.7.6/package.tgz /Users/toregozhinaaizhan/.npm/6d429a31-pm-node-static-0-7-6-package-tgz.lock
55 silly gunzTarPerm modes [ '755', '644' ]
56 error Error: EACCES, mkdir '/usr/local/lib/node_modules/node-static'
56 error  { [Error: EACCES, mkdir '/usr/local/lib/node_modules/node-static']
56 error   errno: 3,
56 error   code: 'EACCES',
56 error   path: '/usr/local/lib/node_modules/node-static',
56 error   fstream_type: 'Directory',
56 error   fstream_path: '/usr/local/lib/node_modules/node-static',
56 error   fstream_class: 'DirWriter',
56 error   fstream_stack:
56 error    [ '/usr/local/lib/node_modules/npm/node_modules/fstream/lib/dir-writer.js:36:23',
56 error      '/usr/local/lib/node_modules/npm/node_modules/mkdirp/index.js:46:53',
56 error      'Object.oncomplete (fs.js:107:15)' ] }
57 error Please try running this command again as root/Administrator.
58 error System Darwin 14.3.0
59 error command "node" "/usr/local/bin/npm" "install" "-g" "node-static"
60 error cwd /Users/toregozhinaaizhan/projects/hackdartmouth15/HackDartmouth
61 error node -v v0.10.32
62 error npm -v 1.4.28
63 error path /usr/local/lib/node_modules/node-static
64 error fstream_path /usr/local/lib/node_modules/node-static
65 error fstream_type Directory
66 error fstream_class DirWriter
67 error code EACCES
68 error errno 3
69 error stack Error: EACCES, mkdir '/usr/local/lib/node_modules/node-static'
70 error fstream_stack /usr/local/lib/node_modules/npm/node_modules/fstream/lib/dir-writer.js:36:23
70 error fstream_stack /usr/local/lib/node_modules/npm/node_modules/mkdirp/index.js:46:53
70 error fstream_stack Object.oncomplete (fs.js:107:15)
71 verbose exit [ 3, true ]
